# JRE version: Java(TM) SE Runtime Environment (8.0_101-b13) (build 1.8.0_101-b13)
# Java VM: Java HotSpot(TM) 64-Bit Server VM (25.101-b13 mixed mode linux-amd64 compressed oops)
Heap:
 PSYoungGen      total 139264K, used 10176K [0x000000076cf00000, 0x0000000776100000, 0x00000007c0000000)
  eden space 129024K, 0% used [0x000000076cf00000,0x000000076cf00000,0x0000000774d00000)
  from space 10240K, 99% used [0x0000000774d00000,0x00000007756f0020,0x0000000775700000)
  to   space 10240K, 0% used [0x0000000775700000,0x0000000775700000,0x0000000776100000)
 ParOldGen       total 171008K, used 51K [0x00000006c6c00000, 0x00000006d1300000, 0x000000076cf00000)
  object space 171008K, 0% used [0x00000006c6c00000,0x00000006c6c0cc50,0x00000006d1300000)
 Metaspace       used 10643K, capacity 10942K, committed 11008K, reserved 1058816K
  class space    used 1179K, capacity 1275K, committed 1280K, reserved 1048576K
GC Heap History (5 events):
Event: 2,158 GC heap before
{Heap before GC invocations=1 (full 0):
 PSYoungGen      total 74752K, used 64512K [0x000000076cf00000, 0x0000000772200000, 0x00000007c0000000)
  eden space 64512K, 100% used [0x000000076cf00000,0x0000000770e00000,0x0000000770e00000)
  from space 10240K, 0% used [0x0000000771800000,0x0000000771800000,0x0000000772200000)
  to   space 10240K, 0% used [0x0000000770e00000,0x0000000770e00000,0x0000000771800000)
 ParOldGen       total 171008K, used 0K [0x00000006c6c00000, 0x00000006d1300000, 0x000000076cf00000)
  object space 171008K, 0% used [0x00000006c6c00000,0x00000006c6c00000,0x00000006d1300000)
 Metaspace       used 10420K, capacity 10710K, committed 10752K, reserved 1058816K
  class space    used 1166K, capacity 1241K, committed 1280K, reserved 1048576K
Event: 2,211 GC heap after
Heap after GC invocations=1 (full 0):
 PSYoungGen      total 74752K, used 8227K [0x000000076cf00000, 0x0000000776100000, 0x00000007c0000000)
  eden space 64512K, 0% used [0x000000076cf00000,0x000000076cf00000,0x0000000770e00000)
  from space 10240K, 80% used [0x0000000770e00000,0x0000000771608d38,0x0000000771800000)
  to   space 10240K, 0% used [0x0000000775700000,0x0000000775700000,0x0000000776100000)
 ParOldGen       total 171008K, used 16K [0x00000006c6c00000, 0x00000006d1300000, 0x000000076cf00000)
  object space 171008K, 0% used [0x00000006c6c00000,0x00000006c6c04000,0x00000006d1300000)
 Metaspace       used 10420K, capacity 10710K, committed 10752K, reserved 1058816K
  class space    used 1166K, capacity 1241K, committed 1280K, reserved 1048576K
}
Event: 2,571 GC heap before
{Heap before GC invocations=2 (full 0):
 PSYoungGen      total 74752K, used 72739K [0x000000076cf00000, 0x0000000776100000, 0x00000007c0000000)
  eden space 64512K, 100% used [0x000000076cf00000,0x0000000770e00000,0x0000000770e00000)
  from space 10240K, 80% used [0x0000000770e00000,0x0000000771608d38,0x0000000771800000)
  to   space 10240K, 0% used [0x0000000775700000,0x0000000775700000,0x0000000776100000)
 ParOldGen       total 171008K, used 16K [0x00000006c6c00000, 0x00000006d1300000, 0x000000076cf00000)
  object space 171008K, 0% used [0x00000006c6c00000,0x00000006c6c04000,0x00000006d1300000)
 Metaspace       used 10590K, capacity 10878K, committed 11008K, reserved 1058816K
  class space    used 1179K, capacity 1275K, committed 1280K, reserved 1048576K
Event: 2,613 GC heap after
Heap after GC invocations=2 (full 0):
 PSYoungGen      total 139264K, used 6053K [0x000000076cf00000, 0x0000000776100000, 0x00000007c0000000)
  eden space 129024K, 0% used [0x000000076cf00000,0x000000076cf00000,0x0000000774d00000)
  from space 10240K, 59% used [0x0000000775700000,0x0000000775ce9718,0x0000000776100000)
  to   space 10240K, 0% used [0x0000000774d00000,0x0000000774d00000,0x0000000775700000)
 ParOldGen       total 171008K, used 24K [0x00000006c6c00000, 0x00000006d1300000, 0x000000076cf00000)
  object space 171008K, 0% used [0x00000006c6c00000,0x00000006c6c06000,0x00000006d1300000)
 Metaspace       used 10590K, capacity 10878K, committed 11008K, reserved 1058816K
  class space    used 1179K, capacity 1275K, committed 1280K, reserved 1048576K
}
Event: 4,254 GC heap before
{Heap before GC invocations=3 (full 0):
 PSYoungGen      total 139264K, used 135077K [0x000000076cf00000, 0x0000000776100000, 0x00000007c0000000)
  eden space 129024K, 100% used [0x000000076cf00000,0x0000000774d00000,0x0000000774d00000)
  from space 10240K, 59% used [0x0000000775700000,0x0000000775ce9718,0x0000000776100000)
  to   space 10240K, 0% used [0x0000000774d00000,0x0000000774d00000,0x0000000775700000)
 ParOldGen       total 171008K, used 24K [0x00000006c6c00000, 0x00000006d1300000, 0x000000076cf00000)
  object space 171008K, 0% used [0x00000006c6c00000,0x00000006c6c06000,0x00000006d1300000)
 Metaspace       used 10643K, capacity 10942K, committed 11008K, reserved 1058816K
  class space    used 1179K, capacity 1275K, committed 1280K, reserved 1048576K

