# JRE version: Java(TM) SE Runtime Environment (8.0_101-b13) (build 1.8.0_101-b13)
# Java VM: Java HotSpot(TM) 64-Bit Server VM (25.101-b13 mixed mode linux-amd64 compressed oops)
Heap:
 PSYoungGen      total 139264K, used 10224K [0x000000076cf00000, 0x0000000776100000, 0x00000007c0000000)
  eden space 129024K, 0% used [0x000000076cf00000,0x000000076cf00000,0x0000000774d00000)
  from space 10240K, 99% used [0x0000000774d00000,0x00000007756fc010,0x0000000775700000)
  to   space 10240K, 0% used [0x0000000775700000,0x0000000775700000,0x0000000776100000)
 ParOldGen       total 171008K, used 1875K [0x00000006c6c00000, 0x00000006d1300000, 0x000000076cf00000)
  object space 171008K, 1% used [0x00000006c6c00000,0x00000006c6dd4c50,0x00000006d1300000)
 Metaspace       used 10697K, capacity 11012K, committed 11264K, reserved 1058816K
  class space    used 1185K, capacity 1276K, committed 1280K, reserved 1048576K
GC Heap History (9 events):
Event: 4,756 GC heap before
{Heap before GC invocations=1 (full 0):
 PSYoungGen      total 74752K, used 64512K [0x000000076cf00000, 0x0000000772200000, 0x00000007c0000000)
  eden space 64512K, 100% used [0x000000076cf00000,0x0000000770e00000,0x0000000770e00000)
  from space 10240K, 0% used [0x0000000771800000,0x0000000771800000,0x0000000772200000)
  to   space 10240K, 0% used [0x0000000770e00000,0x0000000770e00000,0x0000000771800000)
 ParOldGen       total 171008K, used 0K [0x00000006c6c00000, 0x00000006d1300000, 0x000000076cf00000)
  object space 171008K, 0% used [0x00000006c6c00000,0x00000006c6c00000,0x00000006d1300000)
 Metaspace       used 10429K, capacity 10710K, committed 10752K, reserved 1058816K
  class space    used 1166K, capacity 1241K, committed 1280K, reserved 1048576K
Event: 4,768 GC heap after
Heap after GC invocations=1 (full 0):
 PSYoungGen      total 74752K, used 8211K [0x000000076cf00000, 0x0000000772200000, 0x00000007c0000000)
  eden space 64512K, 0% used [0x000000076cf00000,0x000000076cf00000,0x0000000770e00000)
  from space 10240K, 80% used [0x0000000770e00000,0x0000000771604d28,0x0000000771800000)
  to   space 10240K, 0% used [0x0000000771800000,0x0000000771800000,0x0000000772200000)
 ParOldGen       total 171008K, used 16K [0x00000006c6c00000, 0x00000006d1300000, 0x000000076cf00000)
  object space 171008K, 0% used [0x00000006c6c00000,0x00000006c6c04000,0x00000006d1300000)
 Metaspace       used 10429K, capacity 10710K, committed 10752K, reserved 1058816K
  class space    used 1166K, capacity 1241K, committed 1280K, reserved 1048576K
}
Event: 5,060 GC heap before
{Heap before GC invocations=2 (full 0):
 PSYoungGen      total 74752K, used 72723K [0x000000076cf00000, 0x0000000772200000, 0x00000007c0000000)
  eden space 64512K, 100% used [0x000000076cf00000,0x0000000770e00000,0x0000000770e00000)
  from space 10240K, 80% used [0x0000000770e00000,0x0000000771604d28,0x0000000771800000)
  to   space 10240K, 0% used [0x0000000771800000,0x0000000771800000,0x0000000772200000)
 ParOldGen       total 171008K, used 16K [0x00000006c6c00000, 0x00000006d1300000, 0x000000076cf00000)
  object space 171008K, 0% used [0x00000006c6c00000,0x00000006c6c04000,0x00000006d1300000)
 Metaspace       used 10599K, capacity 10942K, committed 11008K, reserved 1058816K
  class space    used 1179K, capacity 1275K, committed 1280K, reserved 1048576K
Event: 5,073 GC heap after
Heap after GC invocations=2 (full 0):
 PSYoungGen      total 74752K, used 6069K [0x000000076cf00000, 0x0000000776100000, 0x00000007c0000000)
  eden space 64512K, 0% used [0x000000076cf00000,0x000000076cf00000,0x0000000770e00000)
  from space 10240K, 59% used [0x0000000771800000,0x0000000771ded708,0x0000000772200000)
  to   space 10240K, 0% used [0x0000000770e00000,0x0000000770e00000,0x0000000771800000)
 ParOldGen       total 171008K, used 24K [0x00000006c6c00000, 0x00000006d1300000, 0x000000076cf00000)
  object space 171008K, 0% used [0x00000006c6c00000,0x00000006c6c06000,0x00000006d1300000)
 Metaspace       used 10599K, capacity 10942K, committed 11008K, reserved 1058816K
  class space    used 1179K, capacity 1275K, committed 1280K, reserved 1048576K
}
Event: 5,720 GC heap before
{Heap before GC invocations=3 (full 0):
 PSYoungGen      total 74752K, used 70581K [0x000000076cf00000, 0x0000000776100000, 0x00000007c0000000)
  eden space 64512K, 100% used [0x000000076cf00000,0x0000000770e00000,0x0000000770e00000)
  from space 10240K, 59% used [0x0000000771800000,0x0000000771ded708,0x0000000772200000)
  to   space 10240K, 0% used [0x0000000770e00000,0x0000000770e00000,0x0000000771800000)
 ParOldGen       total 171008K, used 24K [0x00000006c6c00000, 0x00000006d1300000, 0x000000076cf00000)
  object space 171008K, 0% used [0x00000006c6c00000,0x00000006c6c06000,0x00000006d1300000)
 Metaspace       used 10644K, capacity 11006K, committed 11264K, reserved 1058816K
  class space    used 1179K, capacity 1275K, committed 1280K, reserved 1048576K
Event: 5,725 GC heap after
Heap after GC invocations=3 (full 0):
 PSYoungGen      total 74752K, used 8144K [0x000000076cf00000, 0x0000000776100000, 0x00000007c0000000)
  eden space 64512K, 0% used [0x000000076cf00000,0x000000076cf00000,0x0000000770e00000)
  from space 10240K, 79% used [0x0000000770e00000,0x00000007715f4010,0x0000000771800000)
  to   space 10240K, 0% used [0x0000000775700000,0x0000000775700000,0x0000000776100000)
 ParOldGen       total 171008K, used 51K [0x00000006c6c00000, 0x00000006d1300000, 0x000000076cf00000)
  object space 171008K, 0% used [0x00000006c6c00000,0x00000006c6c0cc50,0x00000006d1300000)
 Metaspace       used 10644K, capacity 11006K, committed 11264K, reserved 1058816K
  class space    used 1179K, capacity 1275K, committed 1280K, reserved 1048576K
}
Event: 6,409 GC heap before
{Heap before GC invocations=4 (full 0):
 PSYoungGen      total 74752K, used 72656K [0x000000076cf00000, 0x0000000776100000, 0x00000007c0000000)
  eden space 64512K, 100% used [0x000000076cf00000,0x0000000770e00000,0x0000000770e00000)
  from space 10240K, 79% used [0x0000000770e00000,0x00000007715f4010,0x0000000771800000)
  to   space 10240K, 0% used [0x0000000775700000,0x0000000775700000,0x0000000776100000)
 ParOldGen       total 171008K, used 51K [0x00000006c6c00000, 0x00000006d1300000, 0x000000076cf00000)
  object space 171008K, 0% used [0x00000006c6c00000,0x00000006c6c0cc50,0x00000006d1300000)
 Metaspace       used 10650K, capacity 11006K, committed 11264K, reserved 1058816K
  class space    used 1179K, capacity 1275K, committed 1280K, reserved 1048576K
Event: 6,454 GC heap after
Heap after GC invocations=4 (full 0):
 PSYoungGen      total 139264K, used 10208K [0x000000076cf00000, 0x0000000776100000, 0x00000007c0000000)
  eden space 129024K, 0% used [0x000000076cf00000,0x000000076cf00000,0x0000000774d00000)
  from space 10240K, 99% used [0x0000000775700000,0x00000007760f8020,0x0000000776100000)
  to   space 10240K, 0% used [0x0000000774d00000,0x0000000774d00000,0x0000000775700000)
 ParOldGen       total 171008K, used 59K [0x00000006c6c00000, 0x00000006d1300000, 0x000000076cf00000)
  object space 171008K, 0% used [0x00000006c6c00000,0x00000006c6c0ec50,0x00000006d1300000)
 Metaspace       used 10650K, capacity 11006K, committed 11264K, reserved 1058816K
  class space    used 1179K, capacity 1275K, committed 1280K, reserved 1048576K
}
Event: 7,186 GC heap before
{Heap before GC invocations=5 (full 0):
 PSYoungGen      total 139264K, used 139232K [0x000000076cf00000, 0x0000000776100000, 0x00000007c0000000)
  eden space 129024K, 100% used [0x000000076cf00000,0x0000000774d00000,0x0000000774d00000)
  from space 10240K, 99% used [0x0000000775700000,0x00000007760f8020,0x0000000776100000)
  to   space 10240K, 0% used [0x0000000774d00000,0x0000000774d00000,0x0000000775700000)
 ParOldGen       total 171008K, used 59K [0x00000006c6c00000, 0x00000006d1300000, 0x000000076cf00000)
  object space 171008K, 0% used [0x00000006c6c00000,0x00000006c6c0ec50,0x00000006d1300000)
 Metaspace       used 10697K, capacity 11012K, committed 11264K, reserved 1058816K
  class space    used 1185K, capacity 1276K, committed 1280K, reserved 1048576K

